<?xml version="1.0" encoding="UTF-8"?>
<beans xmlns="http://www.springframework.org/schema/beans"
       xmlns:xsi="http://www.w3.org/2001/XMLSchema-instance"
       xmlns:context="http://www.springframework.org/schema/context"
       xsi:schemaLocation="http://www.springframework.org/schema/beans
		http://www.springframework.org/schema/beans/spring-beans-4.0.xsd http://www.springframework.org/schema/context http://www.springframework.org/schema/context/spring-context.xsd">

    <!-- Activates annotation-based bean configuration -->
    <context:annotation-config/>

    <!-- 读取属性文件，否则 java 类无法直接读取属性 -->
    <context:property-placeholder location="classpath:app.properties"/>

    <!--spring公共配置-->
    <import resource="applicationContext.xml"/>
    <!--配置数据源-->
    <import resource="applicationContext-datasource.xml"/>
    <!--配置线程池-->
    <import resource="applicationContext-pool.xml"/>
    <!--redis缓存配置-->
    <import resource="applicationContext-redis.xml"/>
    <!--shiro权限配置-->
    <import resource="applicationContext-shiro.xml"/>
    <!--Freemarker模板-->
    <import resource="applicationContext-freemarker.xml"/>
    <!--邮件-->
    <import resource="applicationContext-mail.xml"/>
    <!--短信-->
    <import resource="applicationContext-sms.xml"/>
</beans>